::1 - - [04/Aug/2021:15:14:39 +0000] "GET /product/all HTTP/1.1" 304 - "http://localhost:3000/" "Mozilla/5.0 (X11; Linux x86_64) AppleWebKit/537.36 (KHTML, like Gecko) Chrome/92.0.4515.131 Safari/537.36"
::1 - - [04/Aug/2021:15:14:50 +0000] "GET /product/all HTTP/1.1" 304 - "http://localhost:3000/" "Mozilla/5.0 (X11; Linux x86_64) AppleWebKit/537.36 (KHTML, like Gecko) Chrome/92.0.4515.131 Safari/537.36"
::1 - - [04/Aug/2021:15:14:53 +0000] "GET /product/all HTTP/1.1" 304 - "http://localhost:3000/" "Mozilla/5.0 (X11; Linux x86_64) AppleWebKit/537.36 (KHTML, like Gecko) Chrome/92.0.4515.131 Safari/537.36"
::1 - - [04/Aug/2021:15:16:47 +0000] "GET /product/all HTTP/1.1" 304 - "http://localhost:3000/" "Mozilla/5.0 (X11; Linux x86_64) AppleWebKit/537.36 (KHTML, like Gecko) Chrome/92.0.4515.131 Safari/537.36"
::1 - - [04/Aug/2021:15:16:49 +0000] "GET /product/all HTTP/1.1" 304 - "http://localhost:3000/" "Mozilla/5.0 (X11; Linux x86_64) AppleWebKit/537.36 (KHTML, like Gecko) Chrome/92.0.4515.131 Safari/537.36"
::1 - - [04/Aug/2021:15:35:00 +0000] "GET / HTTP/1.1" 404 92 "-" "Mozilla/5.0 (X11; Linux x86_64) AppleWebKit/537.36 (KHTML, like Gecko) Chrome/92.0.4515.131 Safari/537.36"
::1 - - [04/Aug/2021:15:35:01 +0000] "GET /favicon.ico HTTP/1.1" 404 92 "http://localhost:9000/" "Mozilla/5.0 (X11; Linux x86_64) AppleWebKit/537.36 (KHTML, like Gecko) Chrome/92.0.4515.131 Safari/537.36"
::1 - - [04/Aug/2021:15:35:16 +0000] "GET /product/all HTTP/1.1" 304 - "-" "Mozilla/5.0 (X11; Linux x86_64) AppleWebKit/537.36 (KHTML, like Gecko) Chrome/92.0.4515.131 Safari/537.36"
::1 - - [04/Aug/2021:15:35:26 +0000] "GET /product/search/6 HTTP/1.1" 500 108 "-" "Mozilla/5.0 (X11; Linux x86_64) AppleWebKit/537.36 (KHTML, like Gecko) Chrome/92.0.4515.131 Safari/537.36"
::1 - - [04/Aug/2021:15:36:23 +0000] "GET /product/detail/6 HTTP/1.1" 500 108 "-" "Mozilla/5.0 (X11; Linux x86_64) AppleWebKit/537.36 (KHTML, like Gecko) Chrome/92.0.4515.131 Safari/537.36"
::1 - - [04/Aug/2021:15:37:14 +0000] "GET /product/detail/6 HTTP/1.1" 500 108 "-" "Mozilla/5.0 (X11; Linux x86_64) AppleWebKit/537.36 (KHTML, like Gecko) Chrome/92.0.4515.131 Safari/537.36"
::1 - - [04/Aug/2021:15:37:17 +0000] "GET /product/detail/6 HTTP/1.1" 500 108 "-" "Mozilla/5.0 (X11; Linux x86_64) AppleWebKit/537.36 (KHTML, like Gecko) Chrome/92.0.4515.131 Safari/537.36"
::1 - - [04/Aug/2021:15:38:17 +0000] "GET /product/detail/6 HTTP/1.1" 500 108 "-" "Mozilla/5.0 (X11; Linux x86_64) AppleWebKit/537.36 (KHTML, like Gecko) Chrome/92.0.4515.131 Safari/537.36"
::1 - - [04/Aug/2021:15:41:26 +0000] "GET /product/detail/6 HTTP/1.1" 500 64 "-" "Mozilla/5.0 (X11; Linux x86_64) AppleWebKit/537.36 (KHTML, like Gecko) Chrome/92.0.4515.131 Safari/537.36"
::1 - - [04/Aug/2021:15:41:58 +0000] "GET /product/detail/6 HTTP/1.1" 500 64 "-" "Mozilla/5.0 (X11; Linux x86_64) AppleWebKit/537.36 (KHTML, like Gecko) Chrome/92.0.4515.131 Safari/537.36"
::1 - - [04/Aug/2021:15:42:00 +0000] "GET /product/detail/6 HTTP/1.1" 500 64 "-" "Mozilla/5.0 (X11; Linux x86_64) AppleWebKit/537.36 (KHTML, like Gecko) Chrome/92.0.4515.131 Safari/537.36"
::1 - - [04/Aug/2021:15:42:45 +0000] "GET /product/detail/6 HTTP/1.1" 500 64 "-" "Mozilla/5.0 (X11; Linux x86_64) AppleWebKit/537.36 (KHTML, like Gecko) Chrome/92.0.4515.131 Safari/537.36"
::1 - - [04/Aug/2021:15:44:24 +0000] "GET /product/detail/6 HTTP/1.1" 500 102 "-" "Mozilla/5.0 (X11; Linux x86_64) AppleWebKit/537.36 (KHTML, like Gecko) Chrome/92.0.4515.131 Safari/537.36"
::1 - - [04/Aug/2021:15:45:28 +0000] "GET /product/detail/6 HTTP/1.1" 500 102 "-" "Mozilla/5.0 (X11; Linux x86_64) AppleWebKit/537.36 (KHTML, like Gecko) Chrome/92.0.4515.131 Safari/537.36"
::1 - - [04/Aug/2021:15:46:26 +0000] "GET /product/detail/6 HTTP/1.1" 500 108 "-" "Mozilla/5.0 (X11; Linux x86_64) AppleWebKit/537.36 (KHTML, like Gecko) Chrome/92.0.4515.131 Safari/537.36"
::1 - - [04/Aug/2021:15:48:43 +0000] "GET /product/detail/6 HTTP/1.1" 500 102 "-" "Mozilla/5.0 (X11; Linux x86_64) AppleWebKit/537.36 (KHTML, like Gecko) Chrome/92.0.4515.131 Safari/537.36"
::1 - - [04/Aug/2021:15:50:36 +0000] "GET /product HTTP/1.1" 404 92 "-" "Mozilla/5.0 (X11; Linux x86_64) AppleWebKit/537.36 (KHTML, like Gecko) Chrome/92.0.4515.131 Safari/537.36"
::1 - - [04/Aug/2021:15:50:45 +0000] "GET /product/all HTTP/1.1" 304 - "-" "Mozilla/5.0 (X11; Linux x86_64) AppleWebKit/537.36 (KHTML, like Gecko) Chrome/92.0.4515.131 Safari/537.36"
::1 - - [04/Aug/2021:15:51:05 +0000] "GET /product/detail/6 HTTP/1.1" 500 102 "-" "Mozilla/5.0 (X11; Linux x86_64) AppleWebKit/537.36 (KHTML, like Gecko) Chrome/92.0.4515.131 Safari/537.36"
::1 - - [04/Aug/2021:15:57:27 +0000] "GET /product/detail/6 HTTP/1.1" 500 102 "-" "Mozilla/5.0 (X11; Linux x86_64) AppleWebKit/537.36 (KHTML, like Gecko) Chrome/92.0.4515.131 Safari/537.36"
::1 - - [04/Aug/2021:16:01:56 +0000] "GET /product/all HTTP/1.1" 304 - "-" "Mozilla/5.0 (X11; Linux x86_64) AppleWebKit/537.36 (KHTML, like Gecko) Chrome/92.0.4515.131 Safari/537.36"
::1 - - [04/Aug/2021:16:02:18 +0000] "GET /product/detail/Web%20Sneakers%20V2%20White%20NRN%20LIVEHAF HTTP/1.1" 500 107 "-" "Mozilla/5.0 (X11; Linux x86_64) AppleWebKit/537.36 (KHTML, like Gecko) Chrome/92.0.4515.131 Safari/537.36"
::1 - - [04/Aug/2021:16:04:37 +0000] "GET /product/sort/name HTTP/1.1" 200 3104 "-" "Mozilla/5.0 (Linux; Android 6.0; Nexus 5 Build/MRA58N) AppleWebKit/537.36 (KHTML, like Gecko) Chrome/92.0.4515.131 Mobile Safari/537.36"
::1 - - [04/Aug/2021:16:10:50 +0000] "GET /product/detail/4 HTTP/1.1" 500 102 "-" "Mozilla/5.0 (Linux; Android 6.0; Nexus 5 Build/MRA58N) AppleWebKit/537.36 (KHTML, like Gecko) Chrome/92.0.4515.131 Mobile Safari/537.36"
::1 - - [04/Aug/2021:16:11:14 +0000] "GET /product/detail/4 HTTP/1.1" 500 64 "-" "Mozilla/5.0 (X11; Linux x86_64) AppleWebKit/537.36 (KHTML, like Gecko) Chrome/92.0.4515.131 Safari/537.36"
::1 - - [04/Aug/2021:16:11:17 +0000] "GET /product/detail/4 HTTP/1.1" 500 64 "-" "Mozilla/5.0 (X11; Linux x86_64) AppleWebKit/537.36 (KHTML, like Gecko) Chrome/92.0.4515.131 Safari/537.36"
::1 - - [04/Aug/2021:16:13:30 +0000] "GET /product/detail/4 HTTP/1.1" 500 102 "-" "Mozilla/5.0 (X11; Linux x86_64) AppleWebKit/537.36 (KHTML, like Gecko) Chrome/92.0.4515.131 Safari/537.36"
::1 - - [04/Aug/2021:16:13:31 +0000] "GET /product/detail/4 HTTP/1.1" 500 102 "-" "Mozilla/5.0 (X11; Linux x86_64) AppleWebKit/537.36 (KHTML, like Gecko) Chrome/92.0.4515.131 Safari/537.36"
::1 - - [04/Aug/2021:16:17:11 +0000] "GET /product/detail/4 HTTP/1.1" 500 102 "-" "Mozilla/5.0 (X11; Linux x86_64) AppleWebKit/537.36 (KHTML, like Gecko) Chrome/92.0.4515.131 Safari/537.36"
::1 - - [04/Aug/2021:16:17:56 +0000] "GET /product/del/6 HTTP/1.1" 404 92 "-" "Mozilla/5.0 (X11; Linux x86_64) AppleWebKit/537.36 (KHTML, like Gecko) Chrome/92.0.4515.131 Safari/537.36"
::1 - - [04/Aug/2021:16:18:02 +0000] "GET /product/del/6 HTTP/1.1" 404 92 "-" "Mozilla/5.0 (X11; Linux x86_64) AppleWebKit/537.36 (KHTML, like Gecko) Chrome/92.0.4515.131 Safari/537.36"
::1 - - [04/Aug/2021:16:21:17 +0000] "GET /product/del/6 HTTP/1.1" 404 92 "-" "Mozilla/5.0 (X11; Linux x86_64) AppleWebKit/537.36 (KHTML, like Gecko) Chrome/92.0.4515.131 Safari/537.36"
::1 - - [04/Aug/2021:16:21:22 +0000] "GET /product/del/4 HTTP/1.1" 404 92 "-" "Mozilla/5.0 (X11; Linux x86_64) AppleWebKit/537.36 (KHTML, like Gecko) Chrome/92.0.4515.131 Safari/537.36"
::1 - - [04/Aug/2021:16:21:27 +0000] "GET /product/all HTTP/1.1" 304 - "-" "Mozilla/5.0 (X11; Linux x86_64) AppleWebKit/537.36 (KHTML, like Gecko) Chrome/92.0.4515.131 Safari/537.36"
::1 - - [04/Aug/2021:16:21:46 +0000] "DELETE /product/del/1 HTTP/1.1" 200 67 "-" "PostmanRuntime/7.28.2"
::1 - - [04/Aug/2021:16:22:00 +0000] "GET /product/all HTTP/1.1" 200 1909 "-" "PostmanRuntime/7.28.2"
::1 - - [04/Aug/2021:16:22:31 +0000] "GET /product/detail/4 HTTP/1.1" 500 102 "-" "PostmanRuntime/7.28.2"
::1 - - [04/Aug/2021:16:22:41 +0000] "DELETE /product/del/4 HTTP/1.1" 200 67 "-" "PostmanRuntime/7.28.2"
::1 - - [04/Aug/2021:16:22:49 +0000] "GET /product/detail/6 HTTP/1.1" 500 102 "-" "PostmanRuntime/7.28.2"
::1 - - [04/Aug/2021:16:24:10 +0000] "GET /product/detail/6 HTTP/1.1" 200 67 "-" "PostmanRuntime/7.28.2"
::1 - - [04/Aug/2021:16:25:02 +0000] "GET /product/detail/6 HTTP/1.1" 500 102 "-" "PostmanRuntime/7.28.2"
::1 - - [04/Aug/2021:16:25:21 +0000] "GET /product/detail/6 HTTP/1.1" 500 102 "-" "PostmanRuntime/7.28.2"
::1 - - [04/Aug/2021:16:26:43 +0000] "GET /product/detail/6 HTTP/1.1" 200 654 "-" "PostmanRuntime/7.28.2"
::1 - - [04/Aug/2021:16:28:55 +0000] "GET /product/all HTTP/1.1" 200 1547 "-" "PostmanRuntime/7.28.2"
::1 - - [04/Aug/2021:16:29:21 +0000] "GET /product/detail/6 HTTP/1.1" 200 654 "-" "PostmanRuntime/7.28.2"
::1 - - [04/Aug/2021:16:30:48 +0000] "GET /product/all HTTP/1.1" 200 2727 "-" "PostmanRuntime/7.28.2"
::1 - - [04/Aug/2021:16:32:23 +0000] "GET /product/all HTTP/1.1" 200 1547 "-" "PostmanRuntime/7.28.2"
::1 - - [04/Aug/2021:16:35:00 +0000] "GET /product/all HTTP/1.1" 200 1547 "-" "PostmanRuntime/7.28.2"
::1 - - [04/Aug/2021:16:35:03 +0000] "GET /product/all HTTP/1.1" 200 1547 "-" "PostmanRuntime/7.28.2"
::1 - - [04/Aug/2021:16:35:06 +0000] "GET /product/all HTTP/1.1" 200 1547 "-" "PostmanRuntime/7.28.2"
::1 - - [04/Aug/2021:16:35:14 +0000] "GET /product/detail/6 HTTP/1.1" 500 102 "-" "PostmanRuntime/7.28.2"
::1 - - [04/Aug/2021:16:36:04 +0000] "GET /product/all HTTP/1.1" 500 83 "-" "PostmanRuntime/7.28.2"
::1 - - [04/Aug/2021:16:36:39 +0000] "GET /product/all HTTP/1.1" 200 2727 "-" "PostmanRuntime/7.28.2"
::1 - - [04/Aug/2021:16:38:37 +0000] "GET /product/detail/6 HTTP/1.1" 500 102 "-" "PostmanRuntime/7.28.2"
::1 - - [04/Aug/2021:16:39:00 +0000] "GET /product/detail/6 HTTP/1.1" 500 102 "-" "PostmanRuntime/7.28.2"
::1 - - [04/Aug/2021:16:41:52 +0000] "GET /product/detail/6 HTTP/1.1" 500 102 "-" "PostmanRuntime/7.28.2"
::1 - - [04/Aug/2021:16:42:15 +0000] "GET /product/detail/6 HTTP/1.1" 200 654 "-" "PostmanRuntime/7.28.2"
::1 - - [04/Aug/2021:16:44:01 +0000] "GET /product/detail/6 HTTP/1.1" 200 684 "-" "PostmanRuntime/7.28.2"
::1 - - [04/Aug/2021:16:46:54 +0000] "GET /product/all HTTP/1.1" 200 2671 "-" "PostmanRuntime/7.28.2"
::1 - - [04/Aug/2021:16:47:08 +0000] "GET /product/search?name_product=COLLABS HTTP/1.1" 200 708 "-" "PostmanRuntime/7.28.2"
::1 - - [04/Aug/2021:16:47:14 +0000] "GET /product/detail/6 HTTP/1.1" 200 684 "-" "PostmanRuntime/7.28.2"
::1 - - [04/Aug/2021:16:49:46 +0000] "GET /product/all HTTP/1.1" 200 2671 "http://localhost:3000/" "Mozilla/5.0 (X11; Linux x86_64) AppleWebKit/537.36 (KHTML, like Gecko) Chrome/92.0.4515.131 Safari/537.36"
::1 - - [04/Aug/2021:16:50:25 +0000] "POST /product/add HTTP/1.1" 201 69 "-" "PostmanRuntime/7.28.2"
::1 - - [04/Aug/2021:16:54:48 +0000] "GET /product/all HTTP/1.1" 200 3298 "http://localhost:3000/" "Mozilla/5.0 (X11; Linux x86_64) AppleWebKit/537.36 (KHTML, like Gecko) Chrome/92.0.4515.131 Safari/537.36"
::1 - - [04/Aug/2021:16:55:07 +0000] "GET /product/all HTTP/1.1" 304 - "http://localhost:3000/" "Mozilla/5.0 (X11; Linux x86_64) AppleWebKit/537.36 (KHTML, like Gecko) Chrome/92.0.4515.131 Safari/537.36"
::1 - - [04/Aug/2021:16:55:09 +0000] "GET /product/all HTTP/1.1" 304 - "http://localhost:3000/" "Mozilla/5.0 (X11; Linux x86_64) AppleWebKit/537.36 (KHTML, like Gecko) Chrome/92.0.4515.131 Safari/537.36"
::1 - - [04/Aug/2021:16:58:52 +0000] "POST /product/add HTTP/1.1" 201 69 "-" "PostmanRuntime/7.28.2"
::1 - - [04/Aug/2021:16:58:58 +0000] "GET /product/all HTTP/1.1" 200 3975 "http://localhost:3000/" "Mozilla/5.0 (X11; Linux x86_64) AppleWebKit/537.36 (KHTML, like Gecko) Chrome/92.0.4515.131 Safari/537.36"
::1 - - [04/Aug/2021:17:01:30 +0000] "POST /product/add HTTP/1.1" 201 69 "-" "PostmanRuntime/7.28.2"
::1 - - [04/Aug/2021:17:01:35 +0000] "GET /product/all HTTP/1.1" 200 4603 "http://localhost:3000/" "Mozilla/5.0 (X11; Linux x86_64) AppleWebKit/537.36 (KHTML, like Gecko) Chrome/92.0.4515.131 Safari/537.36"
::1 - - [04/Aug/2021:17:02:31 +0000] "GET /product/all HTTP/1.1" 200 4603 "-" "PostmanRuntime/7.28.2"
::1 - - [04/Aug/2021:17:02:40 +0000] "DELETE /product/del/9 HTTP/1.1" 200 67 "-" "PostmanRuntime/7.28.2"
::1 - - [04/Aug/2021:17:02:54 +0000] "POST /product/add HTTP/1.1" 201 69 "-" "PostmanRuntime/7.28.2"
::1 - - [04/Aug/2021:17:02:57 +0000] "GET /product/all HTTP/1.1" 200 4659 "http://localhost:3000/" "Mozilla/5.0 (X11; Linux x86_64) AppleWebKit/537.36 (KHTML, like Gecko) Chrome/92.0.4515.131 Safari/537.36"
::1 - - [04/Aug/2021:17:04:42 +0000] "DELETE /product/del/10 HTTP/1.1" 200 67 "-" "PostmanRuntime/7.28.2"
::1 - - [04/Aug/2021:17:05:10 +0000] "POST /product/add HTTP/1.1" 201 69 "-" "PostmanRuntime/7.28.2"
::1 - - [04/Aug/2021:17:05:30 +0000] "GET /product/all HTTP/1.1" 200 4681 "http://localhost:3000/" "Mozilla/5.0 (X11; Linux x86_64) AppleWebKit/537.36 (KHTML, like Gecko) Chrome/92.0.4515.131 Safari/537.36"
::1 - - [04/Aug/2021:17:07:48 +0000] "POST /product/add HTTP/1.1" 201 69 "-" "PostmanRuntime/7.28.2"
::1 - - [04/Aug/2021:17:07:53 +0000] "GET /product/all HTTP/1.1" 200 5381 "http://localhost:3000/" "Mozilla/5.0 (X11; Linux x86_64) AppleWebKit/537.36 (KHTML, like Gecko) Chrome/92.0.4515.131 Safari/537.36"
::1 - - [04/Aug/2021:17:11:09 +0000] "POST /product/add HTTP/1.1" 201 69 "-" "PostmanRuntime/7.28.2"
::1 - - [04/Aug/2021:17:12:53 +0000] "POST /product/add HTTP/1.1" 201 69 "-" "PostmanRuntime/7.28.2"
::1 - - [04/Aug/2021:17:12:59 +0000] "GET /product/all HTTP/1.1" 200 6727 "http://localhost:3000/" "Mozilla/5.0 (Linux; Android 6.0; Nexus 5 Build/MRA58N) AppleWebKit/537.36 (KHTML, like Gecko) Chrome/92.0.4515.131 Mobile Safari/537.36"
::1 - - [04/Aug/2021:17:18:38 +0000] "GET /product/all HTTP/1.1" 304 - "http://localhost:3000/" "Mozilla/5.0 (X11; Linux x86_64) AppleWebKit/537.36 (KHTML, like Gecko) Chrome/92.0.4515.131 Safari/537.36"
::1 - - [04/Aug/2021:17:21:11 +0000] "GET /product/all HTTP/1.1" 304 - "http://localhost:3000/" "Mozilla/5.0 (Linux; Android 6.0; Nexus 5 Build/MRA58N) AppleWebKit/537.36 (KHTML, like Gecko) Chrome/92.0.4515.131 Mobile Safari/537.36"
::1 - - [04/Aug/2021:17:21:22 +0000] "GET /product/all HTTP/1.1" 304 - "http://localhost:3000/" "Mozilla/5.0 (Linux; Android 6.0; Nexus 5 Build/MRA58N) AppleWebKit/537.36 (KHTML, like Gecko) Chrome/92.0.4515.131 Mobile Safari/537.36"
::1 - - [04/Aug/2021:17:21:24 +0000] "GET /product/all HTTP/1.1" 304 - "http://localhost:3000/" "Mozilla/5.0 (Linux; Android 6.0; Nexus 5 Build/MRA58N) AppleWebKit/537.36 (KHTML, like Gecko) Chrome/92.0.4515.131 Mobile Safari/537.36"
::1 - - [04/Aug/2021:17:22:20 +0000] "GET /product/all HTTP/1.1" 304 - "http://localhost:3000/" "Mozilla/5.0 (Linux; Android 6.0; Nexus 5 Build/MRA58N) AppleWebKit/537.36 (KHTML, like Gecko) Chrome/92.0.4515.131 Mobile Safari/537.36"
::1 - - [04/Aug/2021:17:22:24 +0000] "GET /product/all HTTP/1.1" 304 - "http://localhost:3000/" "Mozilla/5.0 (Linux; Android 6.0; Nexus 5 Build/MRA58N) AppleWebKit/537.36 (KHTML, like Gecko) Chrome/92.0.4515.131 Mobile Safari/537.36"
::1 - - [04/Aug/2021:17:24:41 +0000] "GET /product/all HTTP/1.1" 304 - "http://localhost:3000/" "Mozilla/5.0 (Linux; Android 6.0; Nexus 5 Build/MRA58N) AppleWebKit/537.36 (KHTML, like Gecko) Chrome/92.0.4515.131 Mobile Safari/537.36"
::1 - - [04/Aug/2021:17:31:03 +0000] "GET /product/all HTTP/1.1" 304 - "http://localhost:3000/" "Mozilla/5.0 (Linux; Android 6.0; Nexus 5 Build/MRA58N) AppleWebKit/537.36 (KHTML, like Gecko) Chrome/92.0.4515.131 Mobile Safari/537.36"
::1 - - [04/Aug/2021:17:39:15 +0000] "GET /product/detail/12 HTTP/1.1" 200 744 "http://localhost:3000/" "Mozilla/5.0 (Linux; Android 6.0; Nexus 5 Build/MRA58N) AppleWebKit/537.36 (KHTML, like Gecko) Chrome/92.0.4515.131 Mobile Safari/537.36"
::1 - - [04/Aug/2021:17:39:20 +0000] "GET /product/detail/12 HTTP/1.1" 304 - "http://localhost:3000/" "Mozilla/5.0 (Linux; Android 6.0; Nexus 5 Build/MRA58N) AppleWebKit/537.36 (KHTML, like Gecko) Chrome/92.0.4515.131 Mobile Safari/537.36"
::1 - - [04/Aug/2021:17:39:25 +0000] "GET /product/all HTTP/1.1" 304 - "http://localhost:3000/" "Mozilla/5.0 (Linux; Android 6.0; Nexus 5 Build/MRA58N) AppleWebKit/537.36 (KHTML, like Gecko) Chrome/92.0.4515.131 Mobile Safari/537.36"
::1 - - [04/Aug/2021:17:39:34 +0000] "GET /product/all HTTP/1.1" 304 - "http://localhost:3000/" "Mozilla/5.0 (Linux; Android 6.0; Nexus 5 Build/MRA58N) AppleWebKit/537.36 (KHTML, like Gecko) Chrome/92.0.4515.131 Mobile Safari/537.36"
::1 - - [04/Aug/2021:17:39:39 +0000] "GET /product/detail/14 HTTP/1.1" 200 717 "http://localhost:3000/" "Mozilla/5.0 (Linux; Android 6.0; Nexus 5 Build/MRA58N) AppleWebKit/537.36 (KHTML, like Gecko) Chrome/92.0.4515.131 Mobile Safari/537.36"
::1 - - [04/Aug/2021:17:40:03 +0000] "GET /product/detail/14 HTTP/1.1" 304 - "http://localhost:3000/" "Mozilla/5.0 (Linux; Android 6.0; Nexus 5 Build/MRA58N) AppleWebKit/537.36 (KHTML, like Gecko) Chrome/92.0.4515.131 Mobile Safari/537.36"
::1 - - [04/Aug/2021:17:40:50 +0000] "GET /product/detail//detail/14 HTTP/1.1" 404 92 "http://localhost:3000/" "Mozilla/5.0 (Linux; Android 6.0; Nexus 5 Build/MRA58N) AppleWebKit/537.36 (KHTML, like Gecko) Chrome/92.0.4515.131 Mobile Safari/537.36"
::1 - - [04/Aug/2021:17:41:23 +0000] "GET /product/detail/detail/14 HTTP/1.1" 404 92 "http://localhost:3000/" "Mozilla/5.0 (Linux; Android 6.0; Nexus 5 Build/MRA58N) AppleWebKit/537.36 (KHTML, like Gecko) Chrome/92.0.4515.131 Mobile Safari/537.36"
::1 - - [04/Aug/2021:17:41:32 +0000] "GET /product/detail/14 HTTP/1.1" 304 - "http://localhost:3000/" "Mozilla/5.0 (Linux; Android 6.0; Nexus 5 Build/MRA58N) AppleWebKit/537.36 (KHTML, like Gecko) Chrome/92.0.4515.131 Mobile Safari/537.36"
::1 - - [04/Aug/2021:17:42:13 +0000] "GET /product/detail/14 HTTP/1.1" 304 - "http://localhost:3000/" "Mozilla/5.0 (Linux; Android 6.0; Nexus 5 Build/MRA58N) AppleWebKit/537.36 (KHTML, like Gecko) Chrome/92.0.4515.131 Mobile Safari/537.36"
::1 - - [04/Aug/2021:17:42:46 +0000] "GET /product/all HTTP/1.1" 304 - "http://localhost:3000/" "Mozilla/5.0 (Linux; Android 6.0; Nexus 5 Build/MRA58N) AppleWebKit/537.36 (KHTML, like Gecko) Chrome/92.0.4515.131 Mobile Safari/537.36"
::1 - - [04/Aug/2021:17:42:49 +0000] "GET /product/all HTTP/1.1" 304 - "http://localhost:3000/" "Mozilla/5.0 (Linux; Android 6.0; Nexus 5 Build/MRA58N) AppleWebKit/537.36 (KHTML, like Gecko) Chrome/92.0.4515.131 Mobile Safari/537.36"
::1 - - [04/Aug/2021:17:45:09 +0000] "GET /product/detail/14 HTTP/1.1" 304 - "http://localhost:3000/" "Mozilla/5.0 (Linux; Android 6.0; Nexus 5 Build/MRA58N) AppleWebKit/537.36 (KHTML, like Gecko) Chrome/92.0.4515.131 Mobile Safari/537.36"
::1 - - [04/Aug/2021:17:46:17 +0000] "GET /product/detail/14 HTTP/1.1" 304 - "http://localhost:3000/" "Mozilla/5.0 (Linux; Android 6.0; Nexus 5 Build/MRA58N) AppleWebKit/537.36 (KHTML, like Gecko) Chrome/92.0.4515.131 Mobile Safari/537.36"
::1 - - [04/Aug/2021:17:46:20 +0000] "GET /product/detail/14 HTTP/1.1" 304 - "http://localhost:3000/" "Mozilla/5.0 (Linux; Android 6.0; Nexus 5 Build/MRA58N) AppleWebKit/537.36 (KHTML, like Gecko) Chrome/92.0.4515.131 Mobile Safari/537.36"
::1 - - [04/Aug/2021:17:51:17 +0000] "GET /product/all HTTP/1.1" 304 - "http://localhost:3000/" "Mozilla/5.0 (X11; Linux x86_64) AppleWebKit/537.36 (KHTML, like Gecko) Chrome/92.0.4515.131 Safari/537.36"
::1 - - [04/Aug/2021:17:52:14 +0000] "GET /product/detail/13 HTTP/1.1" 200 717 "http://localhost:3000/" "Mozilla/5.0 (Linux; Android 6.0; Nexus 5 Build/MRA58N) AppleWebKit/537.36 (KHTML, like Gecko) Chrome/92.0.4515.131 Mobile Safari/537.36"
::1 - - [04/Aug/2021:17:59:55 +0000] "GET /product/detail/13 HTTP/1.1" 304 - "http://localhost:3000/" "Mozilla/5.0 (Linux; Android 6.0; Nexus 5 Build/MRA58N) AppleWebKit/537.36 (KHTML, like Gecko) Chrome/92.0.4515.131 Mobile Safari/537.36"
::1 - - [04/Aug/2021:18:00:01 +0000] "GET /product/detail/13 HTTP/1.1" 304 - "http://localhost:3000/" "Mozilla/5.0 (Linux; Android 6.0; Nexus 5 Build/MRA58N) AppleWebKit/537.36 (KHTML, like Gecko) Chrome/92.0.4515.131 Mobile Safari/537.36"
::1 - - [04/Aug/2021:18:01:32 +0000] "GET /product/detail/13 HTTP/1.1" 304 - "http://localhost:3000/" "Mozilla/5.0 (Linux; Android 6.0; Nexus 5 Build/MRA58N) AppleWebKit/537.36 (KHTML, like Gecko) Chrome/92.0.4515.131 Mobile Safari/537.36"
::1 - - [04/Aug/2021:18:33:29 +0000] "GET /product/detail/13 HTTP/1.1" 304 - "http://localhost:3000/" "Mozilla/5.0 (Linux; Android 6.0; Nexus 5 Build/MRA58N) AppleWebKit/537.36 (KHTML, like Gecko) Chrome/92.0.4515.131 Mobile Safari/537.36"
::1 - - [04/Aug/2021:18:34:15 +0000] "GET /product/detail/13 HTTP/1.1" 304 - "http://localhost:3000/" "Mozilla/5.0 (Linux; Android 6.0; Nexus 5 Build/MRA58N) AppleWebKit/537.36 (KHTML, like Gecko) Chrome/92.0.4515.131 Mobile Safari/537.36"
::1 - - [04/Aug/2021:18:34:30 +0000] "GET /product/detail/13 HTTP/1.1" 304 - "http://localhost:3000/" "Mozilla/5.0 (Linux; Android 6.0; Nexus 5 Build/MRA58N) AppleWebKit/537.36 (KHTML, like Gecko) Chrome/92.0.4515.131 Mobile Safari/537.36"
::1 - - [04/Aug/2021:18:35:00 +0000] "GET /product/detail/13 HTTP/1.1" 304 - "http://localhost:3000/" "Mozilla/5.0 (Linux; Android 6.0; Nexus 5 Build/MRA58N) AppleWebKit/537.36 (KHTML, like Gecko) Chrome/92.0.4515.131 Mobile Safari/537.36"
::1 - - [04/Aug/2021:18:35:24 +0000] "GET /product/detail/13 HTTP/1.1" 304 - "http://localhost:3000/" "Mozilla/5.0 (Linux; Android 6.0; Nexus 5 Build/MRA58N) AppleWebKit/537.36 (KHTML, like Gecko) Chrome/92.0.4515.131 Mobile Safari/537.36"
::1 - - [04/Aug/2021:18:40:01 +0000] "GET /product/all HTTP/1.1" 304 - "http://localhost:3000/" "Mozilla/5.0 (X11; Linux x86_64) AppleWebKit/537.36 (KHTML, like Gecko) Chrome/92.0.4515.131 Safari/537.36"
::1 - - [04/Aug/2021:18:41:08 +0000] "GET /product/detail/14 HTTP/1.1" 304 - "http://localhost:3000/" "Mozilla/5.0 (X11; Linux x86_64) AppleWebKit/537.36 (KHTML, like Gecko) Chrome/92.0.4515.131 Safari/537.36"
::1 - - [04/Aug/2021:18:44:39 +0000] "GET /product/all HTTP/1.1" 304 - "http://localhost:3000/" "Mozilla/5.0 (X11; Linux x86_64) AppleWebKit/537.36 (KHTML, like Gecko) Chrome/92.0.4515.131 Safari/537.36"
::1 - - [04/Aug/2021:18:44:42 +0000] "GET /product/detail/14 HTTP/1.1" 304 - "http://localhost:3000/" "Mozilla/5.0 (X11; Linux x86_64) AppleWebKit/537.36 (KHTML, like Gecko) Chrome/92.0.4515.131 Safari/537.36"
::1 - - [04/Aug/2021:19:00:57 +0000] "GET /product/all HTTP/1.1" 304 - "http://localhost:3000/" "Mozilla/5.0 (X11; Linux x86_64) AppleWebKit/537.36 (KHTML, like Gecko) Chrome/92.0.4515.131 Safari/537.36"
::1 - - [04/Aug/2021:19:01:02 +0000] "GET /product/detail/14 HTTP/1.1" 304 - "http://localhost:3000/" "Mozilla/5.0 (X11; Linux x86_64) AppleWebKit/537.36 (KHTML, like Gecko) Chrome/92.0.4515.131 Safari/537.36"
::1 - - [04/Aug/2021:19:01:04 +0000] "GET /product/all HTTP/1.1" 304 - "http://localhost:3000/" "Mozilla/5.0 (X11; Linux x86_64) AppleWebKit/537.36 (KHTML, like Gecko) Chrome/92.0.4515.131 Safari/537.36"
::1 - - [04/Aug/2021:19:02:48 +0000] "GET /product/detail/undefined HTTP/1.1" 500 116 "http://localhost:3000/" "Mozilla/5.0 (X11; Linux x86_64) AppleWebKit/537.36 (KHTML, like Gecko) Chrome/92.0.4515.131 Safari/537.36"
::1 - - [04/Aug/2021:19:02:50 +0000] "GET /product/all HTTP/1.1" 304 - "http://localhost:3000/" "Mozilla/5.0 (X11; Linux x86_64) AppleWebKit/537.36 (KHTML, like Gecko) Chrome/92.0.4515.131 Safari/537.36"
::1 - - [04/Aug/2021:19:02:53 +0000] "GET /product/detail/14 HTTP/1.1" 304 - "http://localhost:3000/" "Mozilla/5.0 (X11; Linux x86_64) AppleWebKit/537.36 (KHTML, like Gecko) Chrome/92.0.4515.131 Safari/537.36"
::1 - - [04/Aug/2021:19:02:55 +0000] "GET /product/all HTTP/1.1" 304 - "http://localhost:3000/" "Mozilla/5.0 (X11; Linux x86_64) AppleWebKit/537.36 (KHTML, like Gecko) Chrome/92.0.4515.131 Safari/537.36"
::1 - - [04/Aug/2021:19:02:56 +0000] "GET /product/detail/6 HTTP/1.1" 200 684 "http://localhost:3000/" "Mozilla/5.0 (X11; Linux x86_64) AppleWebKit/537.36 (KHTML, like Gecko) Chrome/92.0.4515.131 Safari/537.36"
::1 - - [04/Aug/2021:19:03:05 +0000] "GET /product/all HTTP/1.1" 304 - "http://localhost:3000/" "Mozilla/5.0 (X11; Linux x86_64) AppleWebKit/537.36 (KHTML, like Gecko) Chrome/92.0.4515.131 Safari/537.36"
::1 - - [04/Aug/2021:19:03:13 +0000] "GET /product/detail/12 HTTP/1.1" 304 - "http://localhost:3000/" "Mozilla/5.0 (X11; Linux x86_64) AppleWebKit/537.36 (KHTML, like Gecko) Chrome/92.0.4515.131 Safari/537.36"
::1 - - [04/Aug/2021:19:03:48 +0000] "GET /product/detail/12 HTTP/1.1" 304 - "http://localhost:3000/" "Mozilla/5.0 (X11; Linux x86_64) AppleWebKit/537.36 (KHTML, like Gecko) Chrome/92.0.4515.131 Safari/537.36"
::1 - - [04/Aug/2021:19:05:20 +0000] "GET /product/all HTTP/1.1" 304 - "http://localhost:3000/" "Mozilla/5.0 (Linux; Android 6.0; Nexus 5 Build/MRA58N) AppleWebKit/537.36 (KHTML, like Gecko) Chrome/92.0.4515.131 Mobile Safari/537.36"
::1 - - [04/Aug/2021:19:05:22 +0000] "GET /product/detail/14 HTTP/1.1" 304 - "http://localhost:3000/" "Mozilla/5.0 (Linux; Android 6.0; Nexus 5 Build/MRA58N) AppleWebKit/537.36 (KHTML, like Gecko) Chrome/92.0.4515.131 Mobile Safari/537.36"
::1 - - [04/Aug/2021:19:07:32 +0000] "GET /product/detail/14 HTTP/1.1" 304 - "http://localhost:3000/" "Mozilla/5.0 (Linux; Android 6.0; Nexus 5 Build/MRA58N) AppleWebKit/537.36 (KHTML, like Gecko) Chrome/92.0.4515.131 Mobile Safari/537.36"
::1 - - [04/Aug/2021:19:08:53 +0000] "GET /product/detail/home.html HTTP/1.1" 500 116 "http://localhost:3000/" "Mozilla/5.0 (Linux; Android 6.0; Nexus 5 Build/MRA58N) AppleWebKit/537.36 (KHTML, like Gecko) Chrome/92.0.4515.131 Mobile Safari/537.36"
::1 - - [04/Aug/2021:19:09:07 +0000] "GET /product/all HTTP/1.1" 304 - "http://localhost:3000/" "Mozilla/5.0 (Linux; Android 6.0; Nexus 5 Build/MRA58N) AppleWebKit/537.36 (KHTML, like Gecko) Chrome/92.0.4515.131 Mobile Safari/537.36"
::1 - - [04/Aug/2021:19:09:16 +0000] "GET /product/detail/11 HTTP/1.1" 200 750 "http://localhost:3000/" "Mozilla/5.0 (Linux; Android 6.0; Nexus 5 Build/MRA58N) AppleWebKit/537.36 (KHTML, like Gecko) Chrome/92.0.4515.131 Mobile Safari/537.36"
::1 - - [04/Aug/2021:19:09:19 +0000] "GET /product/all HTTP/1.1" 304 - "http://localhost:3000/" "Mozilla/5.0 (Linux; Android 6.0; Nexus 5 Build/MRA58N) AppleWebKit/537.36 (KHTML, like Gecko) Chrome/92.0.4515.131 Mobile Safari/537.36"
::1 - - [04/Aug/2021:19:09:34 +0000] "GET /product/detail/14 HTTP/1.1" 304 - "http://localhost:3000/" "Mozilla/5.0 (X11; Linux x86_64) AppleWebKit/537.36 (KHTML, like Gecko) Chrome/92.0.4515.131 Safari/537.36"
::1 - - [04/Aug/2021:19:09:51 +0000] "GET /product/all HTTP/1.1" 304 - "http://localhost:3000/" "Mozilla/5.0 (X11; Linux x86_64) AppleWebKit/537.36 (KHTML, like Gecko) Chrome/92.0.4515.131 Safari/537.36"
::1 - - [04/Aug/2021:19:09:56 +0000] "GET /product/detail/3 HTTP/1.1" 200 716 "http://localhost:3000/" "Mozilla/5.0 (X11; Linux x86_64) AppleWebKit/537.36 (KHTML, like Gecko) Chrome/92.0.4515.131 Safari/537.36"
::1 - - [04/Aug/2021:19:22:43 +0000] "GET /product/all HTTP/1.1" 304 - "http://localhost:3000/" "Mozilla/5.0 (X11; Linux x86_64) AppleWebKit/537.36 (KHTML, like Gecko) Chrome/92.0.4515.131 Safari/537.36"
::1 - - [04/Aug/2021:19:22:47 +0000] "GET /product/detail/undefined HTTP/1.1" 500 116 "http://localhost:3000/" "Mozilla/5.0 (X11; Linux x86_64) AppleWebKit/537.36 (KHTML, like Gecko) Chrome/92.0.4515.131 Safari/537.36"
::1 - - [04/Aug/2021:19:22:51 +0000] "GET /product/detail/undefined HTTP/1.1" 500 116 "http://localhost:3000/" "Mozilla/5.0 (X11; Linux x86_64) AppleWebKit/537.36 (KHTML, like Gecko) Chrome/92.0.4515.131 Safari/537.36"
::1 - - [04/Aug/2021:19:22:55 +0000] "GET /product/all HTTP/1.1" 304 - "http://localhost:3000/" "Mozilla/5.0 (X11; Linux x86_64) AppleWebKit/537.36 (KHTML, like Gecko) Chrome/92.0.4515.131 Safari/537.36"
::1 - - [04/Aug/2021:19:22:58 +0000] "GET /product/detail/7 HTTP/1.1" 200 671 "http://localhost:3000/" "Mozilla/5.0 (X11; Linux x86_64) AppleWebKit/537.36 (KHTML, like Gecko) Chrome/92.0.4515.131 Safari/537.36"
::1 - - [04/Aug/2021:19:23:00 +0000] "GET /product/all HTTP/1.1" 304 - "http://localhost:3000/" "Mozilla/5.0 (X11; Linux x86_64) AppleWebKit/537.36 (KHTML, like Gecko) Chrome/92.0.4515.131 Safari/537.36"
::1 - - [04/Aug/2021:19:23:04 +0000] "GET /product/detail/undefined HTTP/1.1" 500 116 "http://localhost:3000/" "Mozilla/5.0 (X11; Linux x86_64) AppleWebKit/537.36 (KHTML, like Gecko) Chrome/92.0.4515.131 Safari/537.36"
::1 - - [04/Aug/2021:19:23:06 +0000] "GET /product/all HTTP/1.1" 304 - "http://localhost:3000/" "Mozilla/5.0 (X11; Linux x86_64) AppleWebKit/537.36 (KHTML, like Gecko) Chrome/92.0.4515.131 Safari/537.36"
::1 - - [04/Aug/2021:19:23:36 +0000] "GET /product/all HTTP/1.1" 304 - "http://localhost:3000/" "Mozilla/5.0 (X11; Linux x86_64) AppleWebKit/537.36 (KHTML, like Gecko) Chrome/92.0.4515.131 Safari/537.36"
::1 - - [04/Aug/2021:19:23:39 +0000] "GET /product/detail/14 HTTP/1.1" 304 - "http://localhost:3000/" "Mozilla/5.0 (X11; Linux x86_64) AppleWebKit/537.36 (KHTML, like Gecko) Chrome/92.0.4515.131 Safari/537.36"
::1 - - [04/Aug/2021:19:23:40 +0000] "GET /product/all HTTP/1.1" 304 - "http://localhost:3000/" "Mozilla/5.0 (X11; Linux x86_64) AppleWebKit/537.36 (KHTML, like Gecko) Chrome/92.0.4515.131 Safari/537.36"
